Arguments: 
  C:\Program Files\nodejs\node.exe C:\ProgramData\scoop\apps\yarn\current\Yarn\bin\yarn.js upgrade --latest

PATH: 
  C:\Program Files (x86)\Common Files\Oracle\Java\javapath;C:\Program Files (x86)\Microsoft SDKs\Azure\CLI2\wbin;C:\ProgramData\scoop\apps\yarn\current\Yarn\bin;C:\ProgramData\scoop\apps\yarn\current\global\node_modules\.bin;C:\ProgramData\scoop\shims;C:\Windows\system32;C:\Windows;C:\Windows\System32\Wbem;C:\Windows\System32\WindowsPowerShell\v1.0\;C:\Windows\System32\OpenSSH\;C:\Program Files\dotnet\;C:\Program Files\Microsoft SQL Server\130\Tools\Binn\;C:\Program Files\Microsoft SQL Server\Client SDK\ODBC\170\Tools\Binn\;C:\Program Files\Git\cmd;C:\Program Files\nodejs\;C:\Program Files\NVIDIA Corporation\NVIDIA NvDLISR;C:\Program Files\Microsoft\Web Platform Installer\;C:\WINDOWS\system32;C:\WINDOWS;C:\WINDOWS\System32\Wbem;C:\WINDOWS\System32\WindowsPowerShell\v1.0\;C:\WINDOWS\System32\OpenSSH\;C:\ProgramData\chocolatey\bin;;C:\Program Files\Docker\Docker\resources\bin;C:\ProgramData\DockerDesktop\version-bin;C:\Program Files\Microsoft SQL Server\150\Tools\Binn\;%SystemRoot%\system32;%SystemRoot%;%SystemRoot%\System32\Wbem;%SYSTEMROOT%\System32\WindowsPowerShell\v1.0\;%SYSTEMROOT%\System32\OpenSSH\;C:\Users\yves\scoop\apps\yarn\current\Yarn\bin;C:\Users\yves\scoop\apps\yarn\current\global\node_modules\.bin;C:\Users\yves\scoop\shims;C:\Users\yves\AppData\Local\Microsoft\WindowsApps;C:\Users\yves\AppData\Local\Programs\Microsoft VS Code\bin;C:\Users\yves\.dotnet\tools;C:\Users\yves\AppData\Roaming\npm;C:\Program Files (x86)\Microsoft Visual Studio\2019\Enterprise\MSBuild\Current\Bin;;C:\Users\yves\AppData\Local\Programs\Fiddler;C:\Users\yves\.dotnet\tools;C:\Users\yves\AppData\Local\Microsoft\WindowsApps

Yarn version: 
  1.22.4

Node version: 
  10.16.3

Platform: 
  win32 x64

Trace: 
  Error: https://npm.pkg.github.com/@messagehandler%2fclubmanagement.orderbooking.public: npm package "clubmanagement.orderbooking.public" does not exist under owner "messagehandler"
      at Request.params.callback [as _callback] (C:\ProgramData\scoop\apps\yarn\1.22.4\Yarn\lib\cli.js:66096:18)
      at Request.self.callback (C:\ProgramData\scoop\apps\yarn\1.22.4\Yarn\lib\cli.js:140748:22)
      at Request.emit (events.js:198:13)
      at Request.<anonymous> (C:\ProgramData\scoop\apps\yarn\1.22.4\Yarn\lib\cli.js:141720:10)
      at Request.emit (events.js:198:13)
      at IncomingMessage.<anonymous> (C:\ProgramData\scoop\apps\yarn\1.22.4\Yarn\lib\cli.js:141642:12)
      at Object.onceWrapper (events.js:286:20)
      at IncomingMessage.emit (events.js:203:15)
      at endReadableNT (_stream_readable.js:1145:12)
      at process._tickCallback (internal/process/next_tick.js:63:19)

npm manifest: 
  {
    "name": "lummen",
    "version": "1.0.0",
    "main": "index.js",
    "repository": "https://github.com/BasketLummen/Website.git",
    "author": "Yves Goeleven <yves@goeleven.com>",
    "license": "MIT",
    "dependencies": {
      "clubmanagement.orderbooking.public": "npm:@messagehandler/clubmanagement.orderbooking.public",
      "clubmanagement.organization.public": "npm:@messagehandler/clubmanagement.organization.public",
      "clubmanagement.payments.public": "npm:@messagehandler/clubmanagement.payments.public",
      "clubmanagement.profile.public": "npm:@messagehandler/clubmanagement.profile.public",
      "clubmanagement.roster.public": "npm:@messagehandler/clubmanagement.roster.public"
    }
  }

yarn manifest: 
  No manifest

Lockfile: 
  # THIS IS AN AUTOGENERATED FILE. DO NOT EDIT THIS FILE DIRECTLY.
  # yarn lockfile v1
  
  
  "clubmanagement.orderbooking.public@npm:@messagehandler/clubmanagement.orderbooking.public":
    version "1.0.16"
    resolved "https://npm.pkg.github.com/download/@messagehandler/clubmanagement.orderbooking.public/1.0.16/03a3e727c5e056f29fff7f66d916f181016548ff9aa0044ddf40e69db29c15fd#0d682c55ced887ca385a610006b5036e5b7273b9"
    integrity sha512-C12JKb/RiHnsjJ8iCanr2WdOD/EkwTEBvpmEJ7kj77wNW7I7/XylpOX2KUUCrD6GHhSIIpDRIyH8N+UCs9dl+Q==
    dependencies:
      dish.shell "npm:@messagehandler/dish.shell"
  
  "clubmanagement.organization.public@npm:@messagehandler/clubmanagement.organization.public":
    version "1.0.37"
    resolved "https://npm.pkg.github.com/download/@messagehandler/clubmanagement.organization.public/1.0.37/355f66f36f85236b51d0a01db977b5eaea564acda68bfe0164e266ffcba7417a#02e24ec50ecf36402dba9dcf1242ff3501e7380e"
    integrity sha512-++cqQAmapIQSc7MU3nCwiCBcLhLBaZeiQJW9Pge2OU4U8+7+HPiom18WvxWh9BehpAm0ez/ikWu477cqaPYXVQ==
    dependencies:
      dish.shell "npm:@messagehandler/dish.shell"
      dish.shell.monitoring.applicationinsights "npm:@messagehandler/dish.shell.monitoring.applicationinsights"
      messagehandler.eventsourcing "npm:@messagehandler/messagehandler.eventsourcing"
  
  "clubmanagement.payments.public@npm:@messagehandler/clubmanagement.payments.public":
    version "1.0.77"
    resolved "https://npm.pkg.github.com/download/@messagehandler/clubmanagement.payments.public/1.0.77/22c981f4b4c2a1cb33fd305e39f00e97ebce9d0649900c30a95686b3a87d997c#fbfa16c1f7e30887687815de204c25b6c4edbcf6"
    integrity sha512-Q///UE9nuYUnyVT+UVHTKlfMgpoUwrud039JCTwhaBaupQLK2qo8f1/DaAVjjT5ZbtgiLf2R35OKFhXEdRYyLw==
    dependencies:
      dish.shell.monitoring.applicationinsights "npm:@messagehandler/dish.shell.monitoring.applicationinsights"
  
  "clubmanagement.profile.public@npm:@messagehandler/clubmanagement.profile.public":
    version "1.0.49"
    resolved "https://npm.pkg.github.com/download/@messagehandler/clubmanagement.profile.public/1.0.49/27022b92c017069f44c9d4072747cc28687439fcf5ee05396ffd4a814d5c0db3#a8a8d12908b5484615d936699d130d0150b214b3"
    integrity sha512-vD67fN2a82hg2J9gYQpFERhVXq2WqdskYZ4FH5U81zPNmxhTHouOGMni3v0HtsKC7RnelLQyLtOYOvCh8dIa3w==
    dependencies:
      dish.shell "npm:@messagehandler/dish.shell"
      dish.shell.monitoring.applicationinsights "npm:@messagehandler/dish.shell.monitoring.applicationinsights"
  
  "clubmanagement.roster.public@npm:@messagehandler/clubmanagement.roster.public":
    version "1.0.28"
    resolved "https://npm.pkg.github.com/download/@messagehandler/clubmanagement.roster.public/1.0.28/bc3f55713289af2801c5e50ce9cdc5f917789b4ee20b4176a594b35951a4e21d#c8fc70fd6f889a3123a1fc86238484edfd04b501"
    integrity sha512-DDzPcC0yU7ltLpODhAYhDMoN0H2WnptivJm44LhG44ycUPlWVie5ZF4LvZieSsw6ijBfzYjQp+EcDSV7RYOC8g==
    dependencies:
      clubmanagement.organization.public "npm:@messagehandler/clubmanagement.organization.public"
      clubmanagement.profile.public "npm:@messagehandler/clubmanagement.profile.public"
      dish.shell "npm:@messagehandler/dish.shell"
      dish.shell.monitoring.applicationinsights "npm:@messagehandler/dish.shell.monitoring.applicationinsights"
      messagehandler.eventsourcing "npm:@messagehandler/messagehandler.eventsourcing"
  
  "dish.shell.monitoring.applicationinsights@npm:@messagehandler/dish.shell.monitoring.applicationinsights":
    version "1.0.8"
    resolved "https://npm.pkg.github.com/download/@messagehandler/dish.shell.monitoring.applicationinsights/1.0.8/4712a88f11bc5108677db123f7fdc63db04ef0a58fb6752bbf27e56a6f256be0#d27c8fac497f67c00eff1603c5222cdaad597e50"
    integrity sha512-5aln1SjaExaMF5mm6ghfUodCATIHZNIQEEvFS8r6oeJpWp/xu21l4J8WYQR+4N4n5/FXywf4xXb6XSiSNYJR4w==
    dependencies:
      dish.shell "npm:@messagehandler/dish.shell"
  
  "dish.shell@npm:@messagehandler/dish.shell":
    version "1.0.49"
    resolved "https://npm.pkg.github.com/download/@messagehandler/dish.shell/1.0.49/5b2d99be1193118ccf773819ab79a10b6b1b9ddb96f61da730969e2b40892021#0b4217ae014b8445a4104b16ad845dde352a82bd"
    integrity sha512-2GAWQ/et7m0btiaxdtiw/hLBpD5mYCHFhy471GCBQJExRd4YhApkcSNQDcLzoX952lWQxbZs5loARqLUGEtx+g==
  
  "messagehandler.eventsourcing@npm:@messagehandler/messagehandler.eventsourcing":
    version "1.0.38"
    resolved "https://npm.pkg.github.com/download/@messagehandler/messagehandler.eventsourcing/1.0.38/273726f30bce37fcf7963ad4ff16101b147f95ce61fbe14131b229e449b3f61f#83f1fb38c119be5ca5d147aad24bba97e265b200"
    integrity sha512-Ekq/5cR8nRTb3/xpmsx6hPPjuoC0QsSIIEA7aDjyJ7JCwraFPSIKzWQyhq6QacgQcTOZmiU3IcQtu9PHdDLheQ==
